pn_history max(lengths): 433
feature_text max(lengths): 30
max_len: 466
========== fold: 0 training ==========
pn_history max(lengths): 433
feature_text max(lengths): 30
max_len: 466
========== fold: 0 training ==========
Epoch 1 - avg_train_loss: 0.0865  avg_val_loss: 0.0684  time: 451s
Epoch 1 - Score: 0.0000
pn_history max(lengths): 433
feature_text max(lengths): 30
max_len: 466
========== fold: 0 training ==========
pn_history max(lengths): 433
feature_text max(lengths): 30
max_len: 466
pn_history max(lengths): 433
feature_text max(lengths): 30
max_len: 466
========== fold: 0 training ==========
pn_history max(lengths): 433
feature_text max(lengths): 30
max_len: 466
========== fold: 0 training ==========
pn_history max(lengths): 433
feature_text max(lengths): 30
max_len: 466
========== fold: 0 training ==========
